Log file opened on Thu Oct 27 21:28:52 2016
Host: master.cl.vanderbilt.edu  pid: 17174  rank ID: 0  number of ranks:  1
                    :-) GROMACS - gmx mdrun, VERSION 5.1 (-:

                            GROMACS is written by:
     Emile Apol      Rossen Apostolov  Herman J.C. Berendsen    Par Bjelkmar   
 Aldert van Buuren   Rudi van Drunen     Anton Feenstra   Sebastian Fritsch 
  Gerrit Groenhof   Christoph Junghans   Anca Hamuraru    Vincent Hindriksen
 Dimitrios Karkoulis    Peter Kasson        Jiri Kraus      Carsten Kutzner  
    Per Larsson      Justin A. Lemkul   Magnus Lundborg   Pieter Meulenhoff 
   Erik Marklund      Teemu Murtola       Szilard Pall       Sander Pronk   
   Roland Schulz     Alexey Shvetsov     Michael Shirts     Alfons Sijbers  
   Peter Tieleman    Teemu Virolainen  Christian Wennberg    Maarten Wolf   
                           and the project leaders:
        Mark Abraham, Berk Hess, Erik Lindahl, and David van der Spoel

Copyright (c) 1991-2000, University of Groningen, The Netherlands.
Copyright (c) 2001-2015, The GROMACS development team at
Uppsala University, Stockholm University and
the Royal Institute of Technology, Sweden.
check out http://www.gromacs.org for more information.

GROMACS is free software; you can redistribute it and/or modify it
under the terms of the GNU Lesser General Public License
as published by the Free Software Foundation; either version 2.1
of the License, or (at your option) any later version.

GROMACS:      gmx mdrun, VERSION 5.1
Executable:   /raid6/software/gromacs_5.1.0//bin/gmx
Data prefix:  /raid6/software/gromacs_5.1.0/
Command line:
  gmx mdrun -deffnm nvteq_ZeroTiltDSPC-100

GROMACS version:    VERSION 5.1
Precision:          single
Memory model:       64 bit
MPI library:        thread_mpi
OpenMP support:     enabled (GMX_OPENMP_MAX_THREADS = 32)
GPU support:        enabled
OpenCL support:     disabled
invsqrt routine:    gmx_software_invsqrt(x)
SIMD instructions:  AVX2_256
FFT library:        fftw-3.3.4-sse2-avx
RDTSCP usage:       enabled
C++11 compilation:  disabled
TNG support:        enabled
Tracing support:    disabled
Built on:           Fri Aug 14 12:10:17 CDT 2015
Built by:           microway@master.cl.vanderbilt.edu [CMAKE]
Build OS/arch:      Linux 3.10.0-229.1.2.el7.x86_64 x86_64
Build CPU vendor:   GenuineIntel
Build CPU brand:    Intel(R) Xeon(R) CPU E5-2630 v3 @ 2.40GHz
Build CPU family:   6   Model: 63   Stepping: 2
Build CPU features: aes apic avx avx2 clfsh cmov cx8 cx16 f16c fma htt lahf_lm mmx msr nonstop_tsc pcid pclmuldq pdcm pdpe1gb popcnt pse rdrnd rdtscp sse2 sse3 sse4.1 sse4.2 ssse3 tdt x2apic
C compiler:         /usr/bin/cc GNU 4.8.3
C compiler flags:    -march=core-avx2    -Wextra -Wno-missing-field-initializers -Wno-sign-compare -Wpointer-arith -Wall -Wno-unused -Wunused-value -Wunused-parameter  -O3 -DNDEBUG -funroll-all-loops -fexcess-precision=fast  -Wno-array-bounds 
C++ compiler:       /usr/bin/c++ GNU 4.8.3
C++ compiler flags:  -march=core-avx2    -Wextra -Wno-missing-field-initializers -Wpointer-arith -Wall -Wno-unused-function  -O3 -DNDEBUG -funroll-all-loops -fexcess-precision=fast  -Wno-array-bounds 
Boost version:      1.55.0 (internal)
CUDA compiler:      /usr/local/cuda/bin/nvcc nvcc: NVIDIA (R) Cuda compiler driver;Copyright (c) 2005-2015 NVIDIA Corporation;Built on Mon_Feb_16_22:59:02_CST_2015;Cuda compilation tools, release 7.0, V7.0.27
CUDA compiler flags:-gencode;arch=compute_20,code=sm_20;-gencode;arch=compute_30,code=sm_30;-gencode;arch=compute_35,code=sm_35;-gencode;arch=compute_37,code=sm_37;-gencode;arch=compute_50,code=sm_50;-gencode;arch=compute_50,code=compute_50;-use_fast_math;; ;-march=core-avx2;-Wextra;-Wno-missing-field-initializers;-Wpointer-arith;-Wall;-Wno-unused-function;-O3;-DNDEBUG;-funroll-all-loops;-fexcess-precision=fast;-Wno-array-bounds;
CUDA driver:        7.0
CUDA runtime:       7.0


Running on 1 node with total 16 cores, 32 logical cores, 1 compatible GPU
Hardware detected:
  CPU info:
    Vendor: GenuineIntel
    Brand:  Intel(R) Xeon(R) CPU E5-2630 v3 @ 2.40GHz
    Family:  6  model: 63  stepping:  2
    CPU features: aes apic avx avx2 clfsh cmov cx8 cx16 f16c fma htt lahf_lm mmx msr nonstop_tsc pcid pclmuldq pdcm pdpe1gb popcnt pse rdrnd rdtscp sse2 sse3 sse4.1 sse4.2 ssse3 tdt x2apic
    SIMD instructions most likely to fit this hardware: AVX2_256
    SIMD instructions selected at GROMACS compile time: AVX2_256
  GPU info:
    Number of GPUs detected: 1
    #0: NVIDIA Quadro K620, compute cap.: 5.0, ECC:  no, stat: compatible


++++ PLEASE READ AND CITE THE FOLLOWING REFERENCE ++++
S. Páll, M. J. Abraham, C. Kutzner, B. Hess, E. Lindahl
Tackling Exascale Software Challenges in Molecular Dynamics Simulations with
GROMACS
In S. Markidis & E. Laure (Eds.), Solving Software Challenges for Exascale 8759 (2015) pp. 3-27
-------- -------- --- Thank You --- -------- --------


++++ PLEASE READ AND CITE THE FOLLOWING REFERENCE ++++
S. Pronk, S. Páll, R. Schulz, P. Larsson, P. Bjelkmar, R. Apostolov, M. R.
Shirts, J. C. Smith, P. M. Kasson, D. van der Spoel, B. Hess, and E. Lindahl
GROMACS 4.5: a high-throughput and highly parallel open source molecular
simulation toolkit
Bioinformatics 29 (2013) pp. 845-54
-------- -------- --- Thank You --- -------- --------


++++ PLEASE READ AND CITE THE FOLLOWING REFERENCE ++++
B. Hess and C. Kutzner and D. van der Spoel and E. Lindahl
GROMACS 4: Algorithms for highly efficient, load-balanced, and scalable
molecular simulation
J. Chem. Theory Comput. 4 (2008) pp. 435-447
-------- -------- --- Thank You --- -------- --------


++++ PLEASE READ AND CITE THE FOLLOWING REFERENCE ++++
D. van der Spoel, E. Lindahl, B. Hess, G. Groenhof, A. E. Mark and H. J. C.
Berendsen
GROMACS: Fast, Flexible and Free
J. Comp. Chem. 26 (2005) pp. 1701-1719
-------- -------- --- Thank You --- -------- --------


++++ PLEASE READ AND CITE THE FOLLOWING REFERENCE ++++
E. Lindahl and B. Hess and D. van der Spoel
GROMACS 3.0: A package for molecular simulation and trajectory analysis
J. Mol. Mod. 7 (2001) pp. 306-317
-------- -------- --- Thank You --- -------- --------


++++ PLEASE READ AND CITE THE FOLLOWING REFERENCE ++++
H. J. C. Berendsen, D. van der Spoel and R. van Drunen
GROMACS: A message-passing parallel molecular dynamics implementation
Comp. Phys. Comm. 91 (1995) pp. 43-56
-------- -------- --- Thank You --- -------- --------


For optimal performance with a GPU nstlist (now 10) should be larger.
The optimum depends on your CPU and GPU resources.
You might want to try several nstlist values.
Changing nstlist from 10 to 40, rlist from 1.4 to 1.4

Input Parameters:
   integrator                     = md
   tinit                          = 0
   dt                             = 0.002
   nsteps                         = 50000
   init-step                      = 0
   simulation-part                = 1
   comm-mode                      = Linear
   nstcomm                        = 100
   bd-fric                        = 0
   ld-seed                        = 2687998034
   emtol                          = 10
   emstep                         = 0.01
   niter                          = 20
   fcstep                         = 0
   nstcgsteep                     = 1000
   nbfgscorr                      = 10
   rtpi                           = 0.05
   nstxout                        = 500
   nstvout                        = 500
   nstfout                        = 0
   nstlog                         = 500
   nstcalcenergy                  = 100
   nstenergy                      = 500
   nstxout-compressed             = 0
   compressed-x-precision         = 1000
   cutoff-scheme                  = Verlet
   nstlist                        = 40
   ns-type                        = Grid
   pbc                            = xyz
   periodic-molecules             = FALSE
   verlet-buffer-tolerance        = 0.005
   rlist                          = 1.4
   rlistlong                      = 1.4
   nstcalclr                      = 10
   coulombtype                    = PME
   coulomb-modifier               = Potential-shift
   rcoulomb-switch                = 0
   rcoulomb                       = 1.4
   epsilon-r                      = 1
   epsilon-rf                     = inf
   vdw-type                       = Cut-off
   vdw-modifier                   = Potential-shift
   rvdw-switch                    = 0
   rvdw                           = 1.4
   DispCorr                       = EnerPres
   table-extension                = 1
   fourierspacing                 = 0.16
   fourier-nx                     = 40
   fourier-ny                     = 40
   fourier-nz                     = 80
   pme-order                      = 4
   ewald-rtol                     = 1e-05
   ewald-rtol-lj                  = 0.001
   lj-pme-comb-rule               = Geometric
   ewald-geometry                 = 0
   epsilon-surface                = 0
   implicit-solvent               = No
   gb-algorithm                   = Still
   nstgbradii                     = 1
   rgbradii                       = 1
   gb-epsilon-solvent             = 80
   gb-saltconc                    = 0
   gb-obc-alpha                   = 1
   gb-obc-beta                    = 0.8
   gb-obc-gamma                   = 4.85
   gb-dielectric-offset           = 0.009
   sa-algorithm                   = Ace-approximation
   sa-surface-tension             = 2.05016
   tcoupl                         = Nose-Hoover
   nsttcouple                     = 10
   nh-chain-length                = 1
   print-nose-hoover-chain-variables = FALSE
   pcoupl                         = No
   pcoupltype                     = Isotropic
   nstpcouple                     = -1
   tau-p                          = 1
   compressibility (3x3):
      compressibility[    0]={ 0.00000e+00,  0.00000e+00,  0.00000e+00}
      compressibility[    1]={ 0.00000e+00,  0.00000e+00,  0.00000e+00}
      compressibility[    2]={ 0.00000e+00,  0.00000e+00,  0.00000e+00}
   ref-p (3x3):
      ref-p[    0]={ 0.00000e+00,  0.00000e+00,  0.00000e+00}
      ref-p[    1]={ 0.00000e+00,  0.00000e+00,  0.00000e+00}
      ref-p[    2]={ 0.00000e+00,  0.00000e+00,  0.00000e+00}
   refcoord-scaling               = No
   posres-com (3):
      posres-com[0]= 0.00000e+00
      posres-com[1]= 0.00000e+00
      posres-com[2]= 0.00000e+00
   posres-comB (3):
      posres-comB[0]= 0.00000e+00
      posres-comB[1]= 0.00000e+00
      posres-comB[2]= 0.00000e+00
   QMMM                           = FALSE
   QMconstraints                  = 0
   QMMMscheme                     = 0
   MMChargeScaleFactor            = 1
qm-opts:
   ngQM                           = 0
   constraint-algorithm           = Lincs
   continuation                   = FALSE
   Shake-SOR                      = FALSE
   shake-tol                      = 0.0001
   lincs-order                    = 4
   lincs-iter                     = 1
   lincs-warnangle                = 30
   nwall                          = 0
   wall-type                      = 9-3
   wall-r-linpot                  = -1
   wall-atomtype[0]               = -1
   wall-atomtype[1]               = -1
   wall-density[0]                = 0
   wall-density[1]                = 0
   wall-ewald-zfac                = 3
   pull                           = FALSE
   rotation                       = FALSE
   interactiveMD                  = FALSE
   disre                          = No
   disre-weighting                = Conservative
   disre-mixed                    = FALSE
   dr-fc                          = 1000
   dr-tau                         = 0
   nstdisreout                    = 100
   orire-fc                       = 0
   orire-tau                      = 0
   nstorireout                    = 100
   free-energy                    = no
   cos-acceleration               = 0
   deform (3x3):
      deform[    0]={ 0.00000e+00,  0.00000e+00,  0.00000e+00}
      deform[    1]={ 0.00000e+00,  0.00000e+00,  0.00000e+00}
      deform[    2]={ 0.00000e+00,  0.00000e+00,  0.00000e+00}
   simulated-tempering            = FALSE
   E-x:
      n = 0
   E-xt:
      n = 0
   E-y:
      n = 0
   E-yt:
      n = 0
   E-z:
      n = 0
   E-zt:
      n = 0
   swapcoords                     = no
   adress                         = FALSE
   userint1                       = 0
   userint2                       = 0
   userint3                       = 0
   userint4                       = 0
   userreal1                      = 0
   userreal2                      = 0
   userreal3                      = 0
   userreal4                      = 0
grpopts:
   nrdf:     13950.6     15358.4
   ref-t:         305         305
   tau-t:         0.4         0.4
annealing:          No          No
annealing-npoints:           0           0
   acc:	           0           0           0
   nfreeze:           N           N           N
   energygrp-flags[  0]: 0

Using 1 MPI thread
Using 32 OpenMP threads 

1 compatible GPU is present, with ID 0
1 GPU auto-selected for this run.
Mapping of GPU ID to the 1 PP rank in this node: 0

Will do PME sum in reciprocal space for electrostatic interactions.

++++ PLEASE READ AND CITE THE FOLLOWING REFERENCE ++++
U. Essmann, L. Perera, M. L. Berkowitz, T. Darden, H. Lee and L. G. Pedersen 
A smooth particle mesh Ewald method
J. Chem. Phys. 103 (1995) pp. 8577-8592
-------- -------- --- Thank You --- -------- --------

Will do ordinary reciprocal space Ewald sum.
Using a Gaussian width (1/beta) of 0.448228 nm for Ewald
Cut-off's:   NS: 1.4   Coulomb: 1.4   LJ: 1.4
Long Range LJ corr.: <C6> 2.2023e-03
System total charge: 0.000
Generated table with 1200 data points for Ewald.
Tabscale = 500 points/nm
Generated table with 1200 data points for LJ6.
Tabscale = 500 points/nm
Generated table with 1200 data points for LJ12.
Tabscale = 500 points/nm
Potential shift: LJ r^-12: -1.764e-02 r^-6: -1.328e-01, Ewald -1.000e-05
Initialized non-bonded Ewald correction tables, spacing: 1.10e-03 size: 1270


Using GPU 8x8 non-bonded kernels

Removing pbc first time
Pinning threads with an auto-selected logical core stride of 1

Initializing LINear Constraint Solver

++++ PLEASE READ AND CITE THE FOLLOWING REFERENCE ++++
B. Hess and H. Bekker and H. J. C. Berendsen and J. G. E. M. Fraaije
LINCS: A Linear Constraint Solver for molecular simulations
J. Comp. Chem. 18 (1997) pp. 1463-1472
-------- -------- --- Thank You --- -------- --------

The number of constraints is 6784

++++ PLEASE READ AND CITE THE FOLLOWING REFERENCE ++++
S. Miyamoto and P. A. Kollman
SETTLE: An Analytical Version of the SHAKE and RATTLE Algorithms for Rigid
Water Models
J. Comp. Chem. 13 (1992) pp. 952-962
-------- -------- --- Thank You --- -------- --------

Center of mass motion removal mode is Linear
We have the following groups for center of mass motion removal:
  0:  rest
There are: 14592 Atoms

Constraining the starting coordinates (step 0)

Constraining the coordinates at t0-dt (step 0)
RMS relative constraint deviation after constraining: 2.13e-05
Initial temperature: 306.883 K

Started mdrun on rank 0 Thu Oct 27 21:28:54 2016
           Step           Time         Lambda
              0        0.00000        0.00000

   Energies (kJ/mol)
       G96Angle    Proper Dih.  Improper Dih.        LJ (SR)  Disper. corr.
    2.12766e+04    8.23424e+03    5.36809e+02    4.01132e+03   -1.85026e+03
   Coulomb (SR)   Coul. recip.      Potential    Kinetic En.   Total Energy
   -2.51493e+05    1.23991e+04   -2.06885e+05    3.73974e+04   -1.69488e+05
  Conserved En.    Temperature Pres. DC (bar) Pressure (bar)   Constr. rmsd
   -1.69488e+05    3.06928e+02   -7.95993e+01   -6.68421e+03    3.07596e-05

step   80: timed with pme grid 40 40 80, coulomb cutoff 1.400: 362.3 M-cycles
step  160: timed with pme grid 36 36 72, coulomb cutoff 1.411: 378.6 M-cycles
step  240: timed with pme grid 32 32 64, coulomb cutoff 1.588: 468.5 M-cycles
step  320: timed with pme grid 36 36 72, coulomb cutoff 1.411: 377.3 M-cycles
step  400: timed with pme grid 36 36 80, coulomb cutoff 1.402: 363.9 M-cycles
              optimal pme grid 40 40 80, coulomb cutoff 1.400
           Step           Time         Lambda
            500        1.00000        0.00000

   Energies (kJ/mol)
       G96Angle    Proper Dih.  Improper Dih.        LJ (SR)  Disper. corr.
    1.74699e+04    1.09119e+04    5.84175e+02    1.40303e+03   -1.85026e+03
   Coulomb (SR)   Coul. recip.      Potential    Kinetic En.   Total Energy
   -2.40315e+05    2.35265e+03   -2.09444e+05    3.57427e+04   -1.73701e+05
  Conserved En.    Temperature Pres. DC (bar) Pressure (bar)   Constr. rmsd
   -1.69125e+05    2.93348e+02   -7.95993e+01   -3.90624e+02    1.01395e-05

           Step           Time         Lambda
           1000        2.00000        0.00000

   Energies (kJ/mol)
       G96Angle    Proper Dih.  Improper Dih.        LJ (SR)  Disper. corr.
    1.71035e+04    1.15315e+04    6.33367e+02    3.05900e+02   -1.85026e+03
   Coulomb (SR)   Coul. recip.      Potential    Kinetic En.   Total Energy
   -2.43462e+05    1.53808e+03   -2.14200e+05    3.67203e+04   -1.77480e+05
  Conserved En.    Temperature Pres. DC (bar) Pressure (bar)   Constr. rmsd
   -1.69113e+05    3.01371e+02   -7.95993e+01   -9.15581e+02    1.02283e-05

           Step           Time         Lambda
           1500        3.00000        0.00000

   Energies (kJ/mol)
       G96Angle    Proper Dih.  Improper Dih.        LJ (SR)  Disper. corr.
    1.69812e+04    1.10711e+04    6.55176e+02    6.05798e+00   -1.85026e+03
   Coulomb (SR)   Coul. recip.      Potential    Kinetic En.   Total Energy
   -2.46978e+05    1.31753e+03   -2.18797e+05    3.69938e+04   -1.81804e+05
  Conserved En.    Temperature Pres. DC (bar) Pressure (bar)   Constr. rmsd
   -1.69108e+05    3.03615e+02   -7.95993e+01   -9.27050e+02    1.03338e-05

           Step           Time         Lambda
           2000        4.00000        0.00000

   Energies (kJ/mol)
       G96Angle    Proper Dih.  Improper Dih.        LJ (SR)  Disper. corr.
    1.71222e+04    1.08296e+04    6.21601e+02    6.27620e+02   -1.85026e+03
   Coulomb (SR)   Coul. recip.      Potential    Kinetic En.   Total Energy
   -2.50773e+05    1.31943e+03   -2.22103e+05    3.68640e+04   -1.85239e+05
  Conserved En.    Temperature Pres. DC (bar) Pressure (bar)   Constr. rmsd
   -1.69089e+05    3.02550e+02   -7.95993e+01   -7.00284e+02    1.02999e-05

           Step           Time         Lambda
           2500        5.00000        0.00000

   Energies (kJ/mol)
       G96Angle    Proper Dih.  Improper Dih.        LJ (SR)  Disper. corr.
    1.64186e+04    1.05872e+04    6.82980e+02   -1.25937e+01   -1.85026e+03
   Coulomb (SR)   Coul. recip.      Potential    Kinetic En.   Total Energy
   -2.53131e+05    1.21328e+03   -2.26092e+05    3.74609e+04   -1.88631e+05
  Conserved En.    Temperature Pres. DC (bar) Pressure (bar)   Constr. rmsd
   -1.69186e+05    3.07449e+02   -7.95993e+01   -3.09466e+02    1.01636e-05

           Step           Time         Lambda
           3000        6.00000        0.00000

   Energies (kJ/mol)
       G96Angle    Proper Dih.  Improper Dih.        LJ (SR)  Disper. corr.
    1.59016e+04    1.04341e+04    6.31808e+02    1.53489e+02   -1.85026e+03
   Coulomb (SR)   Coul. recip.      Potential    Kinetic En.   Total Energy
   -2.56137e+05    1.13832e+03   -2.29728e+05    3.74338e+04   -1.92294e+05
  Conserved En.    Temperature Pres. DC (bar) Pressure (bar)   Constr. rmsd
   -1.69175e+05    3.07227e+02   -7.95993e+01   -1.92049e+02    1.03539e-05

           Step           Time         Lambda
           3500        7.00000        0.00000

   Energies (kJ/mol)
       G96Angle    Proper Dih.  Improper Dih.        LJ (SR)  Disper. corr.
    1.66267e+04    1.08057e+04    6.77300e+02   -3.42679e+02   -1.85026e+03
   Coulomb (SR)   Coul. recip.      Potential    Kinetic En.   Total Energy
   -2.59403e+05    1.11979e+03   -2.32367e+05    3.69934e+04   -1.95373e+05
  Conserved En.    Temperature Pres. DC (bar) Pressure (bar)   Constr. rmsd
   -1.69112e+05    3.03612e+02   -7.95993e+01    2.04502e+02    1.00433e-05

           Step           Time         Lambda
           4000        8.00000        0.00000

   Energies (kJ/mol)
       G96Angle    Proper Dih.  Improper Dih.        LJ (SR)  Disper. corr.
    1.69617e+04    1.10104e+04    7.61551e+02   -8.49978e+02   -1.85026e+03
   Coulomb (SR)   Coul. recip.      Potential    Kinetic En.   Total Energy
   -2.60150e+05    1.17923e+03   -2.32937e+05    3.71391e+04   -1.95798e+05
  Conserved En.    Temperature Pres. DC (bar) Pressure (bar)   Constr. rmsd
   -1.68984e+05    3.04808e+02   -7.95993e+01    4.41754e+00    1.05637e-05

           Step           Time         Lambda
           4500        9.00000        0.00000

   Energies (kJ/mol)
       G96Angle    Proper Dih.  Improper Dih.        LJ (SR)  Disper. corr.
    1.64858e+04    1.04118e+04    6.63301e+02   -1.22443e+03   -1.85026e+03
   Coulomb (SR)   Coul. recip.      Potential    Kinetic En.   Total Energy
   -2.58949e+05    1.13464e+03   -2.33328e+05    3.70426e+04   -1.96285e+05
  Conserved En.    Temperature Pres. DC (bar) Pressure (bar)   Constr. rmsd
   -1.69053e+05    3.04016e+02   -7.95993e+01    1.57403e+02    1.01285e-05

           Step           Time         Lambda
           5000       10.00000        0.00000

   Energies (kJ/mol)
       G96Angle    Proper Dih.  Improper Dih.        LJ (SR)  Disper. corr.
    1.67902e+04    1.07775e+04    7.19854e+02   -2.61290e+03   -1.85026e+03
   Coulomb (SR)   Coul. recip.      Potential    Kinetic En.   Total Energy
   -2.57320e+05    1.20076e+03   -2.32295e+05    3.73448e+04   -1.94950e+05
  Conserved En.    Temperature Pres. DC (bar) Pressure (bar)   Constr. rmsd
   -1.69042e+05    3.06496e+02   -7.95993e+01   -1.26849e+02    1.02778e-05

           Step           Time         Lambda
           5500       11.00000        0.00000

   Energies (kJ/mol)
       G96Angle    Proper Dih.  Improper Dih.        LJ (SR)  Disper. corr.
    1.65627e+04    1.04502e+04    7.27769e+02   -3.41807e+03   -1.85026e+03
   Coulomb (SR)   Coul. recip.      Potential    Kinetic En.   Total Energy
   -2.56650e+05    1.11167e+03   -2.33066e+05    3.66531e+04   -1.96413e+05
  Conserved En.    Temperature Pres. DC (bar) Pressure (bar)   Constr. rmsd
   -1.69115e+05    3.00819e+02   -7.95993e+01   -5.72134e+02    1.03100e-05

           Step           Time         Lambda
           6000       12.00000        0.00000

   Energies (kJ/mol)
       G96Angle    Proper Dih.  Improper Dih.        LJ (SR)  Disper. corr.
    1.69698e+04    1.00579e+04    7.06743e+02   -3.93971e+03   -1.85026e+03
   Coulomb (SR)   Coul. recip.      Potential    Kinetic En.   Total Energy
   -2.55979e+05    1.13429e+03   -2.32900e+05    3.73323e+04   -1.95568e+05
  Conserved En.    Temperature Pres. DC (bar) Pressure (bar)   Constr. rmsd
   -1.69079e+05    3.06394e+02   -7.95993e+01   -5.98502e+02    1.03771e-05

           Step           Time         Lambda
           6500       13.00000        0.00000

   Energies (kJ/mol)
       G96Angle    Proper Dih.  Improper Dih.        LJ (SR)  Disper. corr.
    1.67739e+04    1.04511e+04    7.01049e+02   -2.84196e+03   -1.85026e+03
   Coulomb (SR)   Coul. recip.      Potential    Kinetic En.   Total Energy
   -2.58011e+05    1.15853e+03   -2.33619e+05    3.75421e+04   -1.96077e+05
  Conserved En.    Temperature Pres. DC (bar) Pressure (bar)   Constr. rmsd
   -1.69010e+05    3.08115e+02   -7.95993e+01   -1.81964e+02    9.82429e-06

           Step           Time         Lambda
           7000       14.00000        0.00000

   Energies (kJ/mol)
       G96Angle    Proper Dih.  Improper Dih.        LJ (SR)  Disper. corr.
    1.69884e+04    1.02126e+04    6.96867e+02   -2.64464e+03   -1.85026e+03
   Coulomb (SR)   Coul. recip.      Potential    Kinetic En.   Total Energy
   -2.58601e+05    1.02358e+03   -2.34174e+05    3.71250e+04   -1.97049e+05
  Conserved En.    Temperature Pres. DC (bar) Pressure (bar)   Constr. rmsd
   -1.69093e+05    3.04692e+02   -7.95993e+01   -2.06290e+02    9.78556e-06

           Step           Time         Lambda
           7500       15.00000        0.00000

   Energies (kJ/mol)
       G96Angle    Proper Dih.  Improper Dih.        LJ (SR)  Disper. corr.
    1.65027e+04    1.02679e+04    6.80522e+02   -3.31977e+03   -1.85026e+03
   Coulomb (SR)   Coul. recip.      Potential    Kinetic En.   Total Energy
   -2.57726e+05    1.07685e+03   -2.34368e+05    3.68535e+04   -1.97514e+05
  Conserved En.    Temperature Pres. DC (bar) Pressure (bar)   Constr. rmsd
   -1.69015e+05    3.02464e+02   -7.95993e+01   -3.26676e+02    9.93295e-06

           Step           Time         Lambda
           8000       16.00000        0.00000

   Energies (kJ/mol)
       G96Angle    Proper Dih.  Improper Dih.        LJ (SR)  Disper. corr.
    1.67519e+04    1.00912e+04    7.22781e+02   -2.87000e+03   -1.85026e+03
   Coulomb (SR)   Coul. recip.      Potential    Kinetic En.   Total Energy
   -2.58835e+05    1.10185e+03   -2.34888e+05    3.71150e+04   -1.97773e+05
  Conserved En.    Temperature Pres. DC (bar) Pressure (bar)   Constr. rmsd
   -1.69190e+05    3.04610e+02   -7.95993e+01   -5.79301e+01    9.92811e-06

           Step           Time         Lambda
           8500       17.00000        0.00000

   Energies (kJ/mol)
       G96Angle    Proper Dih.  Improper Dih.        LJ (SR)  Disper. corr.
    1.68979e+04    1.04242e+04    7.45951e+02   -3.32231e+03   -1.85026e+03
   Coulomb (SR)   Coul. recip.      Potential    Kinetic En.   Total Energy
   -2.58465e+05    1.04947e+03   -2.34520e+05    3.68783e+04   -1.97642e+05
  Conserved En.    Temperature Pres. DC (bar) Pressure (bar)   Constr. rmsd
   -1.69070e+05    3.02667e+02   -7.95993e+01   -2.92592e+01    9.90167e-06

           Step           Time         Lambda
           9000       18.00000        0.00000

   Energies (kJ/mol)
       G96Angle    Proper Dih.  Improper Dih.        LJ (SR)  Disper. corr.
    1.66311e+04    1.01547e+04    7.80682e+02   -2.86250e+03   -1.85026e+03
   Coulomb (SR)   Coul. recip.      Potential    Kinetic En.   Total Energy
   -2.59075e+05    1.07603e+03   -2.35145e+05    3.67868e+04   -1.98358e+05
  Conserved En.    Temperature Pres. DC (bar) Pressure (bar)   Constr. rmsd
   -1.69009e+05    3.01917e+02   -7.95993e+01   -1.07765e+02    9.78068e-06

           Step           Time         Lambda
           9500       19.00000        0.00000

   Energies (kJ/mol)
       G96Angle    Proper Dih.  Improper Dih.        LJ (SR)  Disper. corr.
    1.65819e+04    1.02013e+04    7.77788e+02   -3.79643e+03   -1.85026e+03
   Coulomb (SR)   Coul. recip.      Potential    Kinetic En.   Total Energy
   -2.58723e+05    1.10703e+03   -2.35702e+05    3.75539e+04   -1.98148e+05
  Conserved En.    Temperature Pres. DC (bar) Pressure (bar)   Constr. rmsd
   -1.69072e+05    3.08212e+02   -7.95993e+01   -4.96558e+02    1.03292e-05

           Step           Time         Lambda
          10000       20.00000        0.00000

   Energies (kJ/mol)
       G96Angle    Proper Dih.  Improper Dih.        LJ (SR)  Disper. corr.
    1.69920e+04    1.00575e+04    7.25870e+02   -3.44654e+03   -1.85026e+03
   Coulomb (SR)   Coul. recip.      Potential    Kinetic En.   Total Energy
   -2.59434e+05    1.10353e+03   -2.35851e+05    3.69669e+04   -1.98884e+05
  Conserved En.    Temperature Pres. DC (bar) Pressure (bar)   Constr. rmsd
   -1.69088e+05    3.03395e+02   -7.95993e+01   -4.33587e+02    1.02599e-05

           Step           Time         Lambda
          10500       21.00000        0.00000

   Energies (kJ/mol)
       G96Angle    Proper Dih.  Improper Dih.        LJ (SR)  Disper. corr.
    1.67977e+04    1.02898e+04    6.37320e+02   -2.73802e+03   -1.85026e+03
   Coulomb (SR)   Coul. recip.      Potential    Kinetic En.   Total Energy
   -2.59627e+05    1.06185e+03   -2.35429e+05    3.72607e+04   -1.98168e+05
  Conserved En.    Temperature Pres. DC (bar) Pressure (bar)   Constr. rmsd
   -1.68979e+05    3.05805e+02   -7.95993e+01   -1.24270e+02    1.02715e-05

           Step           Time         Lambda
          11000       22.00000        0.00000

   Energies (kJ/mol)
       G96Angle    Proper Dih.  Improper Dih.        LJ (SR)  Disper. corr.
    1.64155e+04    1.00757e+04    7.47374e+02   -3.61506e+03   -1.85026e+03
   Coulomb (SR)   Coul. recip.      Potential    Kinetic En.   Total Energy
   -2.59109e+05    1.08743e+03   -2.36249e+05    3.67377e+04   -1.99511e+05
  Conserved En.    Temperature Pres. DC (bar) Pressure (bar)   Constr. rmsd
   -1.69038e+05    3.01514e+02   -7.95993e+01   -3.72668e+02    1.01264e-05

           Step           Time         Lambda
          11500       23.00000        0.00000

   Energies (kJ/mol)
       G96Angle    Proper Dih.  Improper Dih.        LJ (SR)  Disper. corr.
    1.66581e+04    1.00460e+04    7.97495e+02   -3.42013e+03   -1.85026e+03
   Coulomb (SR)   Coul. recip.      Potential    Kinetic En.   Total Energy
   -2.59624e+05    1.02502e+03   -2.36368e+05    3.73634e+04   -1.99004e+05
  Conserved En.    Temperature Pres. DC (bar) Pressure (bar)   Constr. rmsd
   -1.69215e+05    3.06649e+02   -7.95993e+01   -4.35600e+02    9.95578e-06

           Step           Time         Lambda
          12000       24.00000        0.00000

   Energies (kJ/mol)
       G96Angle    Proper Dih.  Improper Dih.        LJ (SR)  Disper. corr.
    1.64969e+04    1.03157e+04    7.79865e+02   -2.92710e+03   -1.85026e+03
   Coulomb (SR)   Coul. recip.      Potential    Kinetic En.   Total Energy
   -2.60255e+05    1.01894e+03   -2.36421e+05    3.69316e+04   -1.99490e+05
  Conserved En.    Temperature Pres. DC (bar) Pressure (bar)   Constr. rmsd
   -1.69107e+05    3.03105e+02   -7.95993e+01   -1.89225e+02    1.04022e-05

           Step           Time         Lambda
          12500       25.00000        0.00000

   Energies (kJ/mol)
       G96Angle    Proper Dih.  Improper Dih.        LJ (SR)  Disper. corr.
    1.64844e+04    1.02104e+04    7.66697e+02   -3.98857e+03   -1.85026e+03
   Coulomb (SR)   Coul. recip.      Potential    Kinetic En.   Total Energy
   -2.59456e+05    1.04793e+03   -2.36786e+05    3.79108e+04   -1.98875e+05
  Conserved En.    Temperature Pres. DC (bar) Pressure (bar)   Constr. rmsd
   -1.68932e+05    3.11141e+02   -7.95993e+01   -3.22110e+02    1.02829e-05

           Step           Time         Lambda
          13000       26.00000        0.00000

   Energies (kJ/mol)
       G96Angle    Proper Dih.  Improper Dih.        LJ (SR)  Disper. corr.
    1.70912e+04    1.01021e+04    7.17267e+02   -3.96443e+03   -1.85026e+03
   Coulomb (SR)   Coul. recip.      Potential    Kinetic En.   Total Energy
   -2.58943e+05    1.04132e+03   -2.35806e+05    3.64843e+04   -1.99322e+05
  Conserved En.    Temperature Pres. DC (bar) Pressure (bar)   Constr. rmsd
   -1.68940e+05    2.99434e+02   -7.95993e+01   -1.43786e+02    1.07592e-05

           Step           Time         Lambda
          13500       27.00000        0.00000

   Energies (kJ/mol)
       G96Angle    Proper Dih.  Improper Dih.        LJ (SR)  Disper. corr.
    1.66532e+04    1.00311e+04    7.59554e+02   -5.09308e+03   -1.85026e+03
   Coulomb (SR)   Coul. recip.      Potential    Kinetic En.   Total Energy
   -2.57943e+05    1.10692e+03   -2.36336e+05    3.68338e+04   -1.99502e+05
  Conserved En.    Temperature Pres. DC (bar) Pressure (bar)   Constr. rmsd
   -1.69158e+05    3.02302e+02   -7.95993e+01   -4.18929e+02    1.01531e-05

           Step           Time         Lambda
          14000       28.00000        0.00000

   Energies (kJ/mol)
       G96Angle    Proper Dih.  Improper Dih.        LJ (SR)  Disper. corr.
    1.65361e+04    9.85461e+03    7.25242e+02   -3.08993e+03   -1.85026e+03
   Coulomb (SR)   Coul. recip.      Potential    Kinetic En.   Total Energy
   -2.61037e+05    1.08301e+03   -2.37778e+05    3.75368e+04   -2.00242e+05
  Conserved En.    Temperature Pres. DC (bar) Pressure (bar)   Constr. rmsd
   -1.68986e+05    3.08072e+02   -7.95993e+01    1.03625e+02    9.78529e-06

           Step           Time         Lambda
          14500       29.00000        0.00000

   Energies (kJ/mol)
       G96Angle    Proper Dih.  Improper Dih.        LJ (SR)  Disper. corr.
    1.62717e+04    9.79677e+03    8.17570e+02   -4.03060e+03   -1.85026e+03
   Coulomb (SR)   Coul. recip.      Potential    Kinetic En.   Total Energy
   -2.59045e+05    1.04879e+03   -2.36991e+05    3.72751e+04   -1.99716e+05
  Conserved En.    Temperature Pres. DC (bar) Pressure (bar)   Constr. rmsd
   -1.68930e+05    3.05924e+02   -7.95993e+01   -4.12339e+02    1.01525e-05

           Step           Time         Lambda
          15000       30.00000        0.00000

   Energies (kJ/mol)
       G96Angle    Proper Dih.  Improper Dih.        LJ (SR)  Disper. corr.
    1.68415e+04    9.95715e+03    6.77267e+02   -5.28294e+03   -1.85026e+03
   Coulomb (SR)   Coul. recip.      Potential    Kinetic En.   Total Energy
   -2.57679e+05    1.08314e+03   -2.36253e+05    3.74522e+04   -1.98801e+05
  Conserved En.    Temperature Pres. DC (bar) Pressure (bar)   Constr. rmsd
   -1.69038e+05    3.07378e+02   -7.95993e+01   -4.70667e+02    1.01838e-05

           Step           Time         Lambda
          15500       31.00000        0.00000

   Energies (kJ/mol)
       G96Angle    Proper Dih.  Improper Dih.        LJ (SR)  Disper. corr.
    1.64858e+04    9.86389e+03    7.23360e+02   -3.79454e+03   -1.85026e+03
   Coulomb (SR)   Coul. recip.      Potential    Kinetic En.   Total Energy
   -2.59396e+05    1.09490e+03   -2.36873e+05    3.69643e+04   -1.99909e+05
  Conserved En.    Temperature Pres. DC (bar) Pressure (bar)   Constr. rmsd
   -1.69054e+05    3.03373e+02   -7.95993e+01   -8.51766e+01    1.01338e-05

           Step           Time         Lambda
          16000       32.00000        0.00000

   Energies (kJ/mol)
       G96Angle    Proper Dih.  Improper Dih.        LJ (SR)  Disper. corr.
    1.67833e+04    1.00779e+04    8.31761e+02   -3.69486e+03   -1.85026e+03
   Coulomb (SR)   Coul. recip.      Potential    Kinetic En.   Total Energy
   -2.59805e+05    1.06055e+03   -2.36596e+05    3.69253e+04   -1.99671e+05
  Conserved En.    Temperature Pres. DC (bar) Pressure (bar)   Constr. rmsd
   -1.69056e+05    3.03053e+02   -7.95993e+01   -2.35269e+02    1.01935e-05

           Step           Time         Lambda
          16500       33.00000        0.00000

   Energies (kJ/mol)
       G96Angle    Proper Dih.  Improper Dih.        LJ (SR)  Disper. corr.
    1.63164e+04    1.00492e+04    7.41043e+02   -4.25059e+03   -1.85026e+03
   Coulomb (SR)   Coul. recip.      Potential    Kinetic En.   Total Energy
   -2.59345e+05    1.12041e+03   -2.37219e+05    3.70306e+04   -2.00188e+05
  Conserved En.    Temperature Pres. DC (bar) Pressure (bar)   Constr. rmsd
   -1.68944e+05    3.03917e+02   -7.95993e+01   -3.59275e+02    1.00675e-05

           Step           Time         Lambda
          17000       34.00000        0.00000

   Energies (kJ/mol)
       G96Angle    Proper Dih.  Improper Dih.        LJ (SR)  Disper. corr.
    1.67172e+04    1.00671e+04    6.91407e+02   -4.40097e+03   -1.85026e+03
   Coulomb (SR)   Coul. recip.      Potential    Kinetic En.   Total Energy
   -2.58826e+05    1.09326e+03   -2.36508e+05    3.75103e+04   -1.98998e+05
  Conserved En.    Temperature Pres. DC (bar) Pressure (bar)   Constr. rmsd
   -1.68943e+05    3.07855e+02   -7.95993e+01   -2.87720e+02    1.07472e-05

           Step           Time         Lambda
          17500       35.00000        0.00000

   Energies (kJ/mol)
       G96Angle    Proper Dih.  Improper Dih.        LJ (SR)  Disper. corr.
    1.62701e+04    9.74537e+03    7.35016e+02   -3.84418e+03   -1.85026e+03
   Coulomb (SR)   Coul. recip.      Potential    Kinetic En.   Total Energy
   -2.60200e+05    1.04927e+03   -2.38094e+05    3.67585e+04   -2.01336e+05
  Conserved En.    Temperature Pres. DC (bar) Pressure (bar)   Constr. rmsd
   -1.69070e+05    3.01685e+02   -7.95993e+01   -3.06781e+02    1.00979e-05

           Step           Time         Lambda
          18000       36.00000        0.00000

   Energies (kJ/mol)
       G96Angle    Proper Dih.  Improper Dih.        LJ (SR)  Disper. corr.
    1.65932e+04    1.02134e+04    7.66827e+02   -4.13952e+03   -1.85026e+03
   Coulomb (SR)   Coul. recip.      Potential    Kinetic En.   Total Energy
   -2.60007e+05    1.05870e+03   -2.37364e+05    3.73778e+04   -1.99987e+05
  Conserved En.    Temperature Pres. DC (bar) Pressure (bar)   Constr. rmsd
   -1.68889e+05    3.06767e+02   -7.95993e+01   -3.78713e+02    1.04707e-05

           Step           Time         Lambda
          18500       37.00000        0.00000

   Energies (kJ/mol)
       G96Angle    Proper Dih.  Improper Dih.        LJ (SR)  Disper. corr.
    1.65320e+04    1.01903e+04    7.13582e+02   -4.23044e+03   -1.85026e+03
   Coulomb (SR)   Coul. recip.      Potential    Kinetic En.   Total Energy
   -2.59687e+05    1.03158e+03   -2.37300e+05    3.70813e+04   -2.00219e+05
  Conserved En.    Temperature Pres. DC (bar) Pressure (bar)   Constr. rmsd
   -1.69001e+05    3.04333e+02   -7.95993e+01   -1.78251e+02    1.00959e-05

           Step           Time         Lambda
          19000       38.00000        0.00000

   Energies (kJ/mol)
       G96Angle    Proper Dih.  Improper Dih.        LJ (SR)  Disper. corr.
    1.62414e+04    9.96448e+03    7.30489e+02   -4.05984e+03   -1.85026e+03
   Coulomb (SR)   Coul. recip.      Potential    Kinetic En.   Total Energy
   -2.59595e+05    1.06005e+03   -2.37508e+05    3.74495e+04   -2.00059e+05
  Conserved En.    Temperature Pres. DC (bar) Pressure (bar)   Constr. rmsd
   -1.69091e+05    3.07355e+02   -7.95993e+01   -4.47424e+02    1.00964e-05

           Step           Time         Lambda
          19500       39.00000        0.00000

   Energies (kJ/mol)
       G96Angle    Proper Dih.  Improper Dih.        LJ (SR)  Disper. corr.
    1.62199e+04    9.99520e+03    7.37109e+02   -4.84612e+03   -1.85026e+03
   Coulomb (SR)   Coul. recip.      Potential    Kinetic En.   Total Energy
   -2.58585e+05    1.05903e+03   -2.37270e+05    3.69881e+04   -2.00282e+05
  Conserved En.    Temperature Pres. DC (bar) Pressure (bar)   Constr. rmsd
   -1.69137e+05    3.03569e+02   -7.95993e+01   -3.35376e+02    9.70127e-06

           Step           Time         Lambda
          20000       40.00000        0.00000

   Energies (kJ/mol)
       G96Angle    Proper Dih.  Improper Dih.        LJ (SR)  Disper. corr.
    1.63084e+04    1.00051e+04    8.49758e+02   -4.52478e+03   -1.85026e+03
   Coulomb (SR)   Coul. recip.      Potential    Kinetic En.   Total Energy
   -2.59095e+05    1.01367e+03   -2.37293e+05    3.70055e+04   -2.00287e+05
  Conserved En.    Temperature Pres. DC (bar) Pressure (bar)   Constr. rmsd
   -1.69058e+05    3.03712e+02   -7.95993e+01   -3.31201e+02    1.00649e-05

           Step           Time         Lambda
          20500       41.00000        0.00000

   Energies (kJ/mol)
       G96Angle    Proper Dih.  Improper Dih.        LJ (SR)  Disper. corr.
    1.64680e+04    1.00744e+04    7.37275e+02   -4.96680e+03   -1.85026e+03
   Coulomb (SR)   Coul. recip.      Potential    Kinetic En.   Total Energy
   -2.57751e+05    1.03835e+03   -2.36250e+05    3.75300e+04   -1.98720e+05
  Conserved En.    Temperature Pres. DC (bar) Pressure (bar)   Constr. rmsd
   -1.69091e+05    3.08016e+02   -7.95993e+01   -2.85524e+02    1.02575e-05

           Step           Time         Lambda
          21000       42.00000        0.00000

   Energies (kJ/mol)
       G96Angle    Proper Dih.  Improper Dih.        LJ (SR)  Disper. corr.
    1.63019e+04    9.79610e+03    7.39948e+02   -3.72469e+03   -1.85026e+03
   Coulomb (SR)   Coul. recip.      Potential    Kinetic En.   Total Energy
   -2.60557e+05    1.06174e+03   -2.38232e+05    3.71409e+04   -2.01091e+05
  Conserved En.    Temperature Pres. DC (bar) Pressure (bar)   Constr. rmsd
   -1.69047e+05    3.04823e+02   -7.95993e+01   -2.18467e+02    1.01130e-05

           Step           Time         Lambda
          21500       43.00000        0.00000

   Energies (kJ/mol)
       G96Angle    Proper Dih.  Improper Dih.        LJ (SR)  Disper. corr.
    1.64880e+04    9.91354e+03    7.12833e+02   -4.25015e+03   -1.85026e+03
   Coulomb (SR)   Coul. recip.      Potential    Kinetic En.   Total Energy
   -2.59569e+05    1.06060e+03   -2.37494e+05    3.73248e+04   -2.00170e+05
  Conserved En.    Temperature Pres. DC (bar) Pressure (bar)   Constr. rmsd
   -1.69004e+05    3.06332e+02   -7.95993e+01   -6.94189e+01    1.00081e-05

           Step           Time         Lambda
          22000       44.00000        0.00000

   Energies (kJ/mol)
       G96Angle    Proper Dih.  Improper Dih.        LJ (SR)  Disper. corr.
    1.62426e+04    1.00374e+04    7.93602e+02   -3.98468e+03   -1.85026e+03
   Coulomb (SR)   Coul. recip.      Potential    Kinetic En.   Total Energy
   -2.60339e+05    1.07172e+03   -2.38029e+05    3.68423e+04   -2.01186e+05
  Conserved En.    Temperature Pres. DC (bar) Pressure (bar)   Constr. rmsd
   -1.68999e+05    3.02372e+02   -7.95993e+01   -2.22438e+02    9.53424e-06

           Step           Time         Lambda
          22500       45.00000        0.00000

   Energies (kJ/mol)
       G96Angle    Proper Dih.  Improper Dih.        LJ (SR)  Disper. corr.
    1.65994e+04    1.00085e+04    8.07266e+02   -4.65879e+03   -1.85026e+03
   Coulomb (SR)   Coul. recip.      Potential    Kinetic En.   Total Energy
   -2.59738e+05    1.02108e+03   -2.37811e+05    3.68851e+04   -2.00926e+05
  Conserved En.    Temperature Pres. DC (bar) Pressure (bar)   Constr. rmsd
   -1.69060e+05    3.02723e+02   -7.95993e+01   -2.20603e+02    1.03229e-05

           Step           Time         Lambda
          23000       46.00000        0.00000

   Energies (kJ/mol)
       G96Angle    Proper Dih.  Improper Dih.        LJ (SR)  Disper. corr.
    1.66318e+04    1.01425e+04    8.62085e+02   -4.95785e+03   -1.85026e+03
   Coulomb (SR)   Coul. recip.      Potential    Kinetic En.   Total Energy
   -2.59552e+05    1.19454e+03   -2.37529e+05    3.77707e+04   -1.99759e+05
  Conserved En.    Temperature Pres. DC (bar) Pressure (bar)   Constr. rmsd
   -1.68935e+05    3.09992e+02   -7.95993e+01   -4.53518e+02    1.00082e-05

           Step           Time         Lambda
          23500       47.00000        0.00000

   Energies (kJ/mol)
       G96Angle    Proper Dih.  Improper Dih.        LJ (SR)  Disper. corr.
    1.63165e+04    1.00237e+04    7.43478e+02   -5.06791e+03   -1.85026e+03
   Coulomb (SR)   Coul. recip.      Potential    Kinetic En.   Total Energy
   -2.58958e+05    1.02192e+03   -2.37771e+05    3.66480e+04   -2.01123e+05
  Conserved En.    Temperature Pres. DC (bar) Pressure (bar)   Constr. rmsd
   -1.68977e+05    3.00777e+02   -7.95993e+01   -5.62944e+02    9.91763e-06

           Step           Time         Lambda
          24000       48.00000        0.00000

   Energies (kJ/mol)
       G96Angle    Proper Dih.  Improper Dih.        LJ (SR)  Disper. corr.
    1.65897e+04    1.00956e+04    7.88086e+02   -4.26935e+03   -1.85026e+03
   Coulomb (SR)   Coul. recip.      Potential    Kinetic En.   Total Energy
   -2.59841e+05    1.09531e+03   -2.37392e+05    3.70797e+04   -2.00312e+05
  Conserved En.    Temperature Pres. DC (bar) Pressure (bar)   Constr. rmsd
   -1.69081e+05    3.04321e+02   -7.95993e+01   -2.21195e+02    1.02384e-05

           Step           Time         Lambda
          24500       49.00000        0.00000

   Energies (kJ/mol)
       G96Angle    Proper Dih.  Improper Dih.        LJ (SR)  Disper. corr.
    1.64081e+04    1.01236e+04    8.28678e+02   -4.21562e+03   -1.85026e+03
   Coulomb (SR)   Coul. recip.      Potential    Kinetic En.   Total Energy
   -2.60388e+05    1.04994e+03   -2.38044e+05    3.71611e+04   -2.00882e+05
  Conserved En.    Temperature Pres. DC (bar) Pressure (bar)   Constr. rmsd
   -1.68983e+05    3.04989e+02   -7.95993e+01   -6.65924e+01    9.87041e-06

           Step           Time         Lambda
          25000       50.00000        0.00000

   Energies (kJ/mol)
       G96Angle    Proper Dih.  Improper Dih.        LJ (SR)  Disper. corr.
    1.62306e+04    1.01742e+04    7.57033e+02   -4.80658e+03   -1.85026e+03
   Coulomb (SR)   Coul. recip.      Potential    Kinetic En.   Total Energy
   -2.59216e+05    1.03476e+03   -2.37676e+05    3.71083e+04   -2.00568e+05
  Conserved En.    Temperature Pres. DC (bar) Pressure (bar)   Constr. rmsd
   -1.69060e+05    3.04555e+02   -7.95993e+01   -3.87598e+02    9.98835e-06

           Step           Time         Lambda
          25500       51.00000        0.00000

   Energies (kJ/mol)
       G96Angle    Proper Dih.  Improper Dih.        LJ (SR)  Disper. corr.
    1.61491e+04    1.01996e+04    7.35672e+02   -5.15920e+03   -1.85026e+03
   Coulomb (SR)   Coul. recip.      Potential    Kinetic En.   Total Energy
   -2.59501e+05    1.08399e+03   -2.38342e+05    3.73476e+04   -2.00995e+05
  Conserved En.    Temperature Pres. DC (bar) Pressure (bar)   Constr. rmsd
   -1.68936e+05    3.06519e+02   -7.95993e+01   -4.10312e+02    1.00757e-05

           Step           Time         Lambda
          26000       52.00000        0.00000

   Energies (kJ/mol)
       G96Angle    Proper Dih.  Improper Dih.        LJ (SR)  Disper. corr.
    1.61920e+04    9.81988e+03    7.14111e+02   -5.32320e+03   -1.85026e+03
   Coulomb (SR)   Coul. recip.      Potential    Kinetic En.   Total Energy
   -2.58835e+05    1.08346e+03   -2.38199e+05    3.67764e+04   -2.01422e+05
  Conserved En.    Temperature Pres. DC (bar) Pressure (bar)   Constr. rmsd
   -1.69140e+05    3.01831e+02   -7.95993e+01   -3.92803e+02    9.90554e-06

           Step           Time         Lambda
          26500       53.00000        0.00000

   Energies (kJ/mol)
       G96Angle    Proper Dih.  Improper Dih.        LJ (SR)  Disper. corr.
    1.56852e+04    9.90304e+03    7.52792e+02   -4.75160e+03   -1.85026e+03
   Coulomb (SR)   Coul. recip.      Potential    Kinetic En.   Total Energy
   -2.59730e+05    1.02852e+03   -2.38962e+05    3.67673e+04   -2.02195e+05
  Conserved En.    Temperature Pres. DC (bar) Pressure (bar)   Constr. rmsd
   -1.69027e+05    3.01757e+02   -7.95993e+01   -9.00523e+01    9.76302e-06

           Step           Time         Lambda
          27000       54.00000        0.00000

   Energies (kJ/mol)
       G96Angle    Proper Dih.  Improper Dih.        LJ (SR)  Disper. corr.
    1.62369e+04    1.02086e+04    7.63704e+02   -4.54523e+03   -1.85026e+03
   Coulomb (SR)   Coul. recip.      Potential    Kinetic En.   Total Energy
   -2.60392e+05    1.05639e+03   -2.38522e+05    3.76247e+04   -2.00897e+05
  Conserved En.    Temperature Pres. DC (bar) Pressure (bar)   Constr. rmsd
   -1.68989e+05    3.08793e+02   -7.95993e+01   -4.17859e+02    1.03430e-05

           Step           Time         Lambda
          27500       55.00000        0.00000

   Energies (kJ/mol)
       G96Angle    Proper Dih.  Improper Dih.        LJ (SR)  Disper. corr.
    1.60623e+04    9.92621e+03    8.51069e+02   -4.21326e+03   -1.85026e+03
   Coulomb (SR)   Coul. recip.      Potential    Kinetic En.   Total Energy
   -2.61178e+05    1.05011e+03   -2.39351e+05    3.70767e+04   -2.02275e+05
  Conserved En.    Temperature Pres. DC (bar) Pressure (bar)   Constr. rmsd
   -1.68940e+05    3.04296e+02   -7.95993e+01   -4.11351e+02    9.83348e-06

           Step           Time         Lambda
          28000       56.00000        0.00000

   Energies (kJ/mol)
       G96Angle    Proper Dih.  Improper Dih.        LJ (SR)  Disper. corr.
    1.60312e+04    1.00063e+04    8.43384e+02   -4.80623e+03   -1.85026e+03
   Coulomb (SR)   Coul. recip.      Potential    Kinetic En.   Total Energy
   -2.59064e+05    1.08905e+03   -2.37751e+05    3.73055e+04   -2.00445e+05
  Conserved En.    Temperature Pres. DC (bar) Pressure (bar)   Constr. rmsd
   -1.69040e+05    3.06173e+02   -7.95993e+01   -1.78909e+02    9.60881e-06

           Step           Time         Lambda
          28500       57.00000        0.00000

   Energies (kJ/mol)
       G96Angle    Proper Dih.  Improper Dih.        LJ (SR)  Disper. corr.
    1.57932e+04    9.95787e+03    7.37004e+02   -4.97487e+03   -1.85026e+03
   Coulomb (SR)   Coul. recip.      Potential    Kinetic En.   Total Energy
   -2.59482e+05    1.05675e+03   -2.38763e+05    3.68894e+04   -2.01873e+05
  Conserved En.    Temperature Pres. DC (bar) Pressure (bar)   Constr. rmsd
   -1.69119e+05    3.02759e+02   -7.95993e+01   -2.62032e+02    9.98253e-06

           Step           Time         Lambda
          29000       58.00000        0.00000

   Energies (kJ/mol)
       G96Angle    Proper Dih.  Improper Dih.        LJ (SR)  Disper. corr.
    1.59741e+04    9.82852e+03    7.30758e+02   -4.26532e+03   -1.85026e+03
   Coulomb (SR)   Coul. recip.      Potential    Kinetic En.   Total Energy
   -2.59958e+05    1.09011e+03   -2.38450e+05    3.69604e+04   -2.01490e+05
  Conserved En.    Temperature Pres. DC (bar) Pressure (bar)   Constr. rmsd
   -1.69076e+05    3.03341e+02   -7.95993e+01   -1.85814e+02    9.72948e-06

           Step           Time         Lambda
          29500       59.00000        0.00000

   Energies (kJ/mol)
       G96Angle    Proper Dih.  Improper Dih.        LJ (SR)  Disper. corr.
    1.61179e+04    9.79171e+03    7.28619e+02   -4.83600e+03   -1.85026e+03
   Coulomb (SR)   Coul. recip.      Potential    Kinetic En.   Total Energy
   -2.60365e+05    1.07226e+03   -2.39340e+05    3.65071e+04   -2.02833e+05
  Conserved En.    Temperature Pres. DC (bar) Pressure (bar)   Constr. rmsd
   -1.69173e+05    2.99621e+02   -7.95993e+01   -4.32498e+02    9.71355e-06

           Step           Time         Lambda
          30000       60.00000        0.00000

   Energies (kJ/mol)
       G96Angle    Proper Dih.  Improper Dih.        LJ (SR)  Disper. corr.
    1.64982e+04    1.02362e+04    7.85981e+02   -5.56840e+03   -1.85026e+03
   Coulomb (SR)   Coul. recip.      Potential    Kinetic En.   Total Energy
   -2.59091e+05    1.02866e+03   -2.37961e+05    3.67081e+04   -2.01253e+05
  Conserved En.    Temperature Pres. DC (bar) Pressure (bar)   Constr. rmsd
   -1.69101e+05    3.01270e+02   -7.95993e+01   -4.84837e+02    9.49108e-06

           Step           Time         Lambda
          30500       61.00000        0.00000

   Energies (kJ/mol)
       G96Angle    Proper Dih.  Improper Dih.        LJ (SR)  Disper. corr.
    1.61407e+04    1.01187e+04    8.16362e+02   -4.51093e+03   -1.85026e+03
   Coulomb (SR)   Coul. recip.      Potential    Kinetic En.   Total Energy
   -2.59621e+05    1.02614e+03   -2.37880e+05    3.71005e+04   -2.00780e+05
  Conserved En.    Temperature Pres. DC (bar) Pressure (bar)   Constr. rmsd
   -1.69102e+05    3.04491e+02   -7.95993e+01   -6.33190e+01    9.68065e-06

           Step           Time         Lambda
          31000       62.00000        0.00000

   Energies (kJ/mol)
       G96Angle    Proper Dih.  Improper Dih.        LJ (SR)  Disper. corr.
    1.62206e+04    1.02519e+04    7.37932e+02   -4.97445e+03   -1.85026e+03
   Coulomb (SR)   Coul. recip.      Potential    Kinetic En.   Total Energy
   -2.60180e+05    1.07166e+03   -2.38723e+05    3.71939e+04   -2.01529e+05
  Conserved En.    Temperature Pres. DC (bar) Pressure (bar)   Constr. rmsd
   -1.69100e+05    3.05258e+02   -7.95993e+01   -3.96025e+02    1.01180e-05

           Step           Time         Lambda
          31500       63.00000        0.00000

   Energies (kJ/mol)
       G96Angle    Proper Dih.  Improper Dih.        LJ (SR)  Disper. corr.
    1.64758e+04    1.00844e+04    7.78453e+02   -4.08283e+03   -1.85026e+03
   Coulomb (SR)   Coul. recip.      Potential    Kinetic En.   Total Energy
   -2.60913e+05    1.03033e+03   -2.38477e+05    3.75009e+04   -2.00976e+05
  Conserved En.    Temperature Pres. DC (bar) Pressure (bar)   Constr. rmsd
   -1.68981e+05    3.07777e+02   -7.95993e+01   -1.42117e+02    9.62374e-06

           Step           Time         Lambda
          32000       64.00000        0.00000

   Energies (kJ/mol)
       G96Angle    Proper Dih.  Improper Dih.        LJ (SR)  Disper. corr.
    1.64636e+04    9.90848e+03    8.29875e+02   -4.24465e+03   -1.85026e+03
   Coulomb (SR)   Coul. recip.      Potential    Kinetic En.   Total Energy
   -2.61107e+05    1.12308e+03   -2.38876e+05    3.69568e+04   -2.01920e+05
  Conserved En.    Temperature Pres. DC (bar) Pressure (bar)   Constr. rmsd
   -1.69173e+05    3.03312e+02   -7.95993e+01   -1.15113e+02    9.43718e-06

           Step           Time         Lambda
          32500       65.00000        0.00000

   Energies (kJ/mol)
       G96Angle    Proper Dih.  Improper Dih.        LJ (SR)  Disper. corr.
    1.62165e+04    1.00058e+04    7.98937e+02   -5.10686e+03   -1.85026e+03
   Coulomb (SR)   Coul. recip.      Potential    Kinetic En.   Total Energy
   -2.59583e+05    1.05219e+03   -2.38467e+05    3.77245e+04   -2.00742e+05
  Conserved En.    Temperature Pres. DC (bar) Pressure (bar)   Constr. rmsd
   -1.68992e+05    3.09612e+02   -7.95993e+01   -3.95089e+02    9.96663e-06

           Step           Time         Lambda
          33000       66.00000        0.00000

   Energies (kJ/mol)
       G96Angle    Proper Dih.  Improper Dih.        LJ (SR)  Disper. corr.
    1.62810e+04    9.90427e+03    7.89189e+02   -4.14677e+03   -1.85026e+03
   Coulomb (SR)   Coul. recip.      Potential    Kinetic En.   Total Energy
   -2.61188e+05    1.18654e+03   -2.39024e+05    3.69958e+04   -2.02028e+05
  Conserved En.    Temperature Pres. DC (bar) Pressure (bar)   Constr. rmsd
   -1.69100e+05    3.03632e+02   -7.95993e+01   -2.37082e+02    1.00365e-05

           Step           Time         Lambda
          33500       67.00000        0.00000

   Energies (kJ/mol)
       G96Angle    Proper Dih.  Improper Dih.        LJ (SR)  Disper. corr.
    1.64930e+04    1.01018e+04    7.53274e+02   -4.28749e+03   -1.85026e+03
   Coulomb (SR)   Coul. recip.      Potential    Kinetic En.   Total Energy
   -2.60658e+05    1.07242e+03   -2.38375e+05    3.70455e+04   -2.01329e+05
  Conserved En.    Temperature Pres. DC (bar) Pressure (bar)   Constr. rmsd
   -1.69192e+05    3.04040e+02   -7.95993e+01   -1.82792e+02    9.66151e-06

           Step           Time         Lambda
          34000       68.00000        0.00000

   Energies (kJ/mol)
       G96Angle    Proper Dih.  Improper Dih.        LJ (SR)  Disper. corr.
    1.58586e+04    9.88088e+03    8.02399e+02   -3.58309e+03   -1.85026e+03
   Coulomb (SR)   Coul. recip.      Potential    Kinetic En.   Total Energy
   -2.61667e+05    1.10404e+03   -2.39455e+05    3.70753e+04   -2.02379e+05
  Conserved En.    Temperature Pres. DC (bar) Pressure (bar)   Constr. rmsd
   -1.68939e+05    3.04284e+02   -7.95993e+01    1.76879e+01    9.91765e-06

           Step           Time         Lambda
          34500       69.00000        0.00000

   Energies (kJ/mol)
       G96Angle    Proper Dih.  Improper Dih.        LJ (SR)  Disper. corr.
    1.60692e+04    9.98695e+03    7.84449e+02   -4.43337e+03   -1.85026e+03
   Coulomb (SR)   Coul. recip.      Potential    Kinetic En.   Total Energy
   -2.60446e+05    1.11855e+03   -2.38771e+05    3.70150e+04   -2.01756e+05
  Conserved En.    Temperature Pres. DC (bar) Pressure (bar)   Constr. rmsd
   -1.69019e+05    3.03790e+02   -7.95993e+01   -2.47842e+02    1.02251e-05

           Step           Time         Lambda
          35000       70.00000        0.00000

   Energies (kJ/mol)
       G96Angle    Proper Dih.  Improper Dih.        LJ (SR)  Disper. corr.
    1.63041e+04    9.99292e+03    8.54385e+02   -4.76892e+03   -1.85026e+03
   Coulomb (SR)   Coul. recip.      Potential    Kinetic En.   Total Energy
   -2.60086e+05    1.06090e+03   -2.38493e+05    3.73357e+04   -2.01158e+05
  Conserved En.    Temperature Pres. DC (bar) Pressure (bar)   Constr. rmsd
   -1.69067e+05    3.06421e+02   -7.95993e+01   -3.51633e+02    1.01006e-05

           Step           Time         Lambda
          35500       71.00000        0.00000

   Energies (kJ/mol)
       G96Angle    Proper Dih.  Improper Dih.        LJ (SR)  Disper. corr.
    1.63497e+04    1.01290e+04    7.45167e+02   -5.33755e+03   -1.85026e+03
   Coulomb (SR)   Coul. recip.      Potential    Kinetic En.   Total Energy
   -2.60153e+05    1.05725e+03   -2.39060e+05    3.68714e+04   -2.02189e+05
  Conserved En.    Temperature Pres. DC (bar) Pressure (bar)   Constr. rmsd
   -1.69135e+05    3.02611e+02   -7.95993e+01   -4.57222e+02    1.03329e-05

           Step           Time         Lambda
          36000       72.00000        0.00000

   Energies (kJ/mol)
       G96Angle    Proper Dih.  Improper Dih.        LJ (SR)  Disper. corr.
    1.62616e+04    9.83714e+03    7.10198e+02   -4.94105e+03   -1.85026e+03
   Coulomb (SR)   Coul. recip.      Potential    Kinetic En.   Total Energy
   -2.59208e+05    1.12696e+03   -2.38064e+05    3.70632e+04   -2.01001e+05
  Conserved En.    Temperature Pres. DC (bar) Pressure (bar)   Constr. rmsd
   -1.69128e+05    3.04185e+02   -7.95993e+01   -2.39709e+02    1.00413e-05

           Step           Time         Lambda
          36500       73.00000        0.00000

   Energies (kJ/mol)
       G96Angle    Proper Dih.  Improper Dih.        LJ (SR)  Disper. corr.
    1.58879e+04    9.89941e+03    8.84258e+02   -5.15033e+03   -1.85026e+03
   Coulomb (SR)   Coul. recip.      Potential    Kinetic En.   Total Energy
   -2.59592e+05    1.02211e+03   -2.38899e+05    3.68391e+04   -2.02060e+05
  Conserved En.    Temperature Pres. DC (bar) Pressure (bar)   Constr. rmsd
   -1.69090e+05    3.02345e+02   -7.95993e+01   -1.67840e+02    9.35675e-06

           Step           Time         Lambda
          37000       74.00000        0.00000

   Energies (kJ/mol)
       G96Angle    Proper Dih.  Improper Dih.        LJ (SR)  Disper. corr.
    1.62452e+04    9.73294e+03    7.41229e+02   -4.75618e+03   -1.85026e+03
   Coulomb (SR)   Coul. recip.      Potential    Kinetic En.   Total Energy
   -2.59976e+05    1.04692e+03   -2.38817e+05    3.70694e+04   -2.01747e+05
  Conserved En.    Temperature Pres. DC (bar) Pressure (bar)   Constr. rmsd
   -1.69038e+05    3.04236e+02   -7.95993e+01   -3.40552e+02    1.00124e-05

           Step           Time         Lambda
          37500       75.00000        0.00000

   Energies (kJ/mol)
       G96Angle    Proper Dih.  Improper Dih.        LJ (SR)  Disper. corr.
    1.64781e+04    9.93900e+03    7.94623e+02   -4.62479e+03   -1.85026e+03
   Coulomb (SR)   Coul. recip.      Potential    Kinetic En.   Total Energy
   -2.60759e+05    1.03776e+03   -2.38985e+05    3.75789e+04   -2.01406e+05
  Conserved En.    Temperature Pres. DC (bar) Pressure (bar)   Constr. rmsd
   -1.69052e+05    3.08418e+02   -7.95993e+01   -3.76963e+02    1.00977e-05

           Step           Time         Lambda
          38000       76.00000        0.00000

   Energies (kJ/mol)
       G96Angle    Proper Dih.  Improper Dih.        LJ (SR)  Disper. corr.
    1.59587e+04    9.60801e+03    7.31451e+02   -4.73318e+03   -1.85026e+03
   Coulomb (SR)   Coul. recip.      Potential    Kinetic En.   Total Energy
   -2.59725e+05    1.15106e+03   -2.38859e+05    3.69831e+04   -2.01876e+05
  Conserved En.    Temperature Pres. DC (bar) Pressure (bar)   Constr. rmsd
   -1.69007e+05    3.03527e+02   -7.95993e+01   -2.49420e+02    9.51613e-06

           Step           Time         Lambda
          38500       77.00000        0.00000

   Energies (kJ/mol)
       G96Angle    Proper Dih.  Improper Dih.        LJ (SR)  Disper. corr.
    1.61014e+04    1.00471e+04    7.74724e+02   -4.70936e+03   -1.85026e+03
   Coulomb (SR)   Coul. recip.      Potential    Kinetic En.   Total Energy
   -2.60253e+05    1.06002e+03   -2.38829e+05    3.69793e+04   -2.01850e+05
  Conserved En.    Temperature Pres. DC (bar) Pressure (bar)   Constr. rmsd
   -1.69032e+05    3.03496e+02   -7.95993e+01   -3.61690e+02    1.05750e-05

           Step           Time         Lambda
          39000       78.00000        0.00000

   Energies (kJ/mol)
       G96Angle    Proper Dih.  Improper Dih.        LJ (SR)  Disper. corr.
    1.64643e+04    9.87501e+03    6.94949e+02   -4.82674e+03   -1.85026e+03
   Coulomb (SR)   Coul. recip.      Potential    Kinetic En.   Total Energy
   -2.59940e+05    1.12295e+03   -2.38460e+05    3.72989e+04   -2.01161e+05
  Conserved En.    Temperature Pres. DC (bar) Pressure (bar)   Constr. rmsd
   -1.69121e+05    3.06119e+02   -7.95993e+01   -4.61413e+02    1.02130e-05

           Step           Time         Lambda
          39500       79.00000        0.00000

   Energies (kJ/mol)
       G96Angle    Proper Dih.  Improper Dih.        LJ (SR)  Disper. corr.
    1.64217e+04    1.01065e+04    7.66768e+02   -4.94997e+03   -1.85026e+03
   Coulomb (SR)   Coul. recip.      Potential    Kinetic En.   Total Energy
   -2.60179e+05    1.04130e+03   -2.38643e+05    3.66660e+04   -2.01977e+05
  Conserved En.    Temperature Pres. DC (bar) Pressure (bar)   Constr. rmsd
   -1.68978e+05    3.00925e+02   -7.95993e+01   -2.91836e+02    1.00877e-05

           Step           Time         Lambda
          40000       80.00000        0.00000

   Energies (kJ/mol)
       G96Angle    Proper Dih.  Improper Dih.        LJ (SR)  Disper. corr.
    1.56918e+04    9.88697e+03    8.48931e+02   -4.13818e+03   -1.85026e+03
   Coulomb (SR)   Coul. recip.      Potential    Kinetic En.   Total Energy
   -2.60611e+05    1.03748e+03   -2.39135e+05    3.75469e+04   -2.01588e+05
  Conserved En.    Temperature Pres. DC (bar) Pressure (bar)   Constr. rmsd
   -1.68926e+05    3.08155e+02   -7.95993e+01   -3.02746e+02    9.73604e-06

           Step           Time         Lambda
          40500       81.00000        0.00000

   Energies (kJ/mol)
       G96Angle    Proper Dih.  Improper Dih.        LJ (SR)  Disper. corr.
    1.61826e+04    9.96982e+03    8.61491e+02   -4.71706e+03   -1.85026e+03
   Coulomb (SR)   Coul. recip.      Potential    Kinetic En.   Total Energy
   -2.60578e+05    1.00493e+03   -2.39127e+05    3.74875e+04   -2.01639e+05
  Conserved En.    Temperature Pres. DC (bar) Pressure (bar)   Constr. rmsd
   -1.69091e+05    3.07667e+02   -7.95993e+01   -1.92312e+02    1.00744e-05

           Step           Time         Lambda
          41000       82.00000        0.00000

   Energies (kJ/mol)
       G96Angle    Proper Dih.  Improper Dih.        LJ (SR)  Disper. corr.
    1.61130e+04    9.62925e+03    7.65338e+02   -4.45792e+03   -1.85026e+03
   Coulomb (SR)   Coul. recip.      Potential    Kinetic En.   Total Energy
   -2.60562e+05    1.08066e+03   -2.39282e+05    3.74796e+04   -2.01803e+05
  Conserved En.    Temperature Pres. DC (bar) Pressure (bar)   Constr. rmsd
   -1.69030e+05    3.07602e+02   -7.95993e+01   -2.17496e+02    9.89117e-06

           Step           Time         Lambda
          41500       83.00000        0.00000

   Energies (kJ/mol)
       G96Angle    Proper Dih.  Improper Dih.        LJ (SR)  Disper. corr.
    1.62858e+04    9.80785e+03    7.46424e+02   -4.76362e+03   -1.85026e+03
   Coulomb (SR)   Coul. recip.      Potential    Kinetic En.   Total Energy
   -2.60790e+05    1.00166e+03   -2.39563e+05    3.68276e+04   -2.02735e+05
  Conserved En.    Temperature Pres. DC (bar) Pressure (bar)   Constr. rmsd
   -1.69154e+05    3.02251e+02   -7.95993e+01   -2.94318e+02    9.60643e-06

           Step           Time         Lambda
          42000       84.00000        0.00000

   Energies (kJ/mol)
       G96Angle    Proper Dih.  Improper Dih.        LJ (SR)  Disper. corr.
    1.63490e+04    1.01259e+04    8.04145e+02   -4.85151e+03   -1.85026e+03
   Coulomb (SR)   Coul. recip.      Potential    Kinetic En.   Total Energy
   -2.60340e+05    1.04990e+03   -2.38713e+05    3.68574e+04   -2.01856e+05
  Conserved En.    Temperature Pres. DC (bar) Pressure (bar)   Constr. rmsd
   -1.69024e+05    3.02496e+02   -7.95993e+01   -3.91285e+02    1.02208e-05

           Step           Time         Lambda
          42500       85.00000        0.00000

   Energies (kJ/mol)
       G96Angle    Proper Dih.  Improper Dih.        LJ (SR)  Disper. corr.
    1.62138e+04    9.75538e+03    8.72979e+02   -4.65337e+03   -1.85026e+03
   Coulomb (SR)   Coul. recip.      Potential    Kinetic En.   Total Energy
   -2.60901e+05    1.02147e+03   -2.39541e+05    3.69833e+04   -2.02558e+05
  Conserved En.    Temperature Pres. DC (bar) Pressure (bar)   Constr. rmsd
   -1.68862e+05    3.03529e+02   -7.95993e+01   -1.59255e+02    1.01532e-05

           Step           Time         Lambda
          43000       86.00000        0.00000

   Energies (kJ/mol)
       G96Angle    Proper Dih.  Improper Dih.        LJ (SR)  Disper. corr.
    1.63390e+04    9.97164e+03    7.83359e+02   -4.41797e+03   -1.85026e+03
   Coulomb (SR)   Coul. recip.      Potential    Kinetic En.   Total Energy
   -2.61496e+05    1.07551e+03   -2.39594e+05    3.71954e+04   -2.02399e+05
  Conserved En.    Temperature Pres. DC (bar) Pressure (bar)   Constr. rmsd
   -1.69016e+05    3.05270e+02   -7.95993e+01   -1.37868e+01    9.45057e-06

           Step           Time         Lambda
          43500       87.00000        0.00000

   Energies (kJ/mol)
       G96Angle    Proper Dih.  Improper Dih.        LJ (SR)  Disper. corr.
    1.61711e+04    9.91647e+03    6.82470e+02   -5.06698e+03   -1.85026e+03
   Coulomb (SR)   Coul. recip.      Potential    Kinetic En.   Total Energy
   -2.60676e+05    1.11441e+03   -2.39709e+05    3.72849e+04   -2.02424e+05
  Conserved En.    Temperature Pres. DC (bar) Pressure (bar)   Constr. rmsd
   -1.69005e+05    3.06004e+02   -7.95993e+01   -4.23177e+02    9.96043e-06

           Step           Time         Lambda
          44000       88.00000        0.00000

   Energies (kJ/mol)
       G96Angle    Proper Dih.  Improper Dih.        LJ (SR)  Disper. corr.
    1.63755e+04    9.71406e+03    8.13596e+02   -5.33655e+03   -1.85026e+03
   Coulomb (SR)   Coul. recip.      Potential    Kinetic En.   Total Energy
   -2.59741e+05    1.06698e+03   -2.38958e+05    3.67498e+04   -2.02208e+05
  Conserved En.    Temperature Pres. DC (bar) Pressure (bar)   Constr. rmsd
   -1.69099e+05    3.01612e+02   -7.95993e+01   -3.44065e+02    9.86714e-06

           Step           Time         Lambda
          44500       89.00000        0.00000

   Energies (kJ/mol)
       G96Angle    Proper Dih.  Improper Dih.        LJ (SR)  Disper. corr.
    1.63254e+04    1.00367e+04    8.47946e+02   -5.49680e+03   -1.85026e+03
   Coulomb (SR)   Coul. recip.      Potential    Kinetic En.   Total Energy
   -2.59399e+05    1.03928e+03   -2.38497e+05    3.62503e+04   -2.02247e+05
  Conserved En.    Temperature Pres. DC (bar) Pressure (bar)   Constr. rmsd
   -1.69246e+05    2.97513e+02   -7.95993e+01   -4.27887e+02    9.84926e-06

           Step           Time         Lambda
          45000       90.00000        0.00000

   Energies (kJ/mol)
       G96Angle    Proper Dih.  Improper Dih.        LJ (SR)  Disper. corr.
    1.65193e+04    9.75375e+03    6.68797e+02   -5.13712e+03   -1.85026e+03
   Coulomb (SR)   Coul. recip.      Potential    Kinetic En.   Total Energy
   -2.59532e+05    1.05265e+03   -2.38525e+05    3.80997e+04   -2.00425e+05
  Conserved En.    Temperature Pres. DC (bar) Pressure (bar)   Constr. rmsd
   -1.69001e+05    3.12691e+02   -7.95993e+01   -2.67548e+02    9.82475e-06

           Step           Time         Lambda
          45500       91.00000        0.00000

   Energies (kJ/mol)
       G96Angle    Proper Dih.  Improper Dih.        LJ (SR)  Disper. corr.
    1.58773e+04    9.74514e+03    7.97549e+02   -4.90654e+03   -1.85026e+03
   Coulomb (SR)   Coul. recip.      Potential    Kinetic En.   Total Energy
   -2.60350e+05    1.11935e+03   -2.39568e+05    3.69335e+04   -2.02634e+05
  Conserved En.    Temperature Pres. DC (bar) Pressure (bar)   Constr. rmsd
   -1.68993e+05    3.03121e+02   -7.95993e+01   -3.76038e+02    9.65541e-06

           Step           Time         Lambda
          46000       92.00000        0.00000

   Energies (kJ/mol)
       G96Angle    Proper Dih.  Improper Dih.        LJ (SR)  Disper. corr.
    1.58484e+04    9.99843e+03    8.08055e+02   -5.60842e+03   -1.85026e+03
   Coulomb (SR)   Coul. recip.      Potential    Kinetic En.   Total Energy
   -2.59485e+05    1.11334e+03   -2.39176e+05    3.69368e+04   -2.02239e+05
  Conserved En.    Temperature Pres. DC (bar) Pressure (bar)   Constr. rmsd
   -1.69126e+05    3.03148e+02   -7.95993e+01   -4.37357e+02    1.00432e-05

           Step           Time         Lambda
          46500       93.00000        0.00000

   Energies (kJ/mol)
       G96Angle    Proper Dih.  Improper Dih.        LJ (SR)  Disper. corr.
    1.59688e+04    9.89582e+03    6.63899e+02   -5.12278e+03   -1.85026e+03
   Coulomb (SR)   Coul. recip.      Potential    Kinetic En.   Total Energy
   -2.60042e+05    1.01633e+03   -2.39470e+05    3.73769e+04   -2.02093e+05
  Conserved En.    Temperature Pres. DC (bar) Pressure (bar)   Constr. rmsd
   -1.69030e+05    3.06760e+02   -7.95993e+01   -4.36873e+02    9.77574e-06

           Step           Time         Lambda
          47000       94.00000        0.00000

   Energies (kJ/mol)
       G96Angle    Proper Dih.  Improper Dih.        LJ (SR)  Disper. corr.
    1.58818e+04    9.90611e+03    8.15999e+02   -4.91848e+03   -1.85026e+03
   Coulomb (SR)   Coul. recip.      Potential    Kinetic En.   Total Energy
   -2.60596e+05    1.08089e+03   -2.39680e+05    3.70044e+04   -2.02676e+05
  Conserved En.    Temperature Pres. DC (bar) Pressure (bar)   Constr. rmsd
   -1.69081e+05    3.03702e+02   -7.95993e+01   -3.96952e+02    1.00554e-05

           Step           Time         Lambda
          47500       95.00000        0.00000

   Energies (kJ/mol)
       G96Angle    Proper Dih.  Improper Dih.        LJ (SR)  Disper. corr.
    1.63543e+04    9.89577e+03    7.25876e+02   -4.52940e+03   -1.85026e+03
   Coulomb (SR)   Coul. recip.      Potential    Kinetic En.   Total Energy
   -2.60959e+05    1.02785e+03   -2.39335e+05    3.70452e+04   -2.02290e+05
  Conserved En.    Temperature Pres. DC (bar) Pressure (bar)   Constr. rmsd
   -1.69097e+05    3.04038e+02   -7.95993e+01   -1.72276e+02    9.73428e-06

           Step           Time         Lambda
          48000       96.00000        0.00000

   Energies (kJ/mol)
       G96Angle    Proper Dih.  Improper Dih.        LJ (SR)  Disper. corr.
    1.63433e+04    9.87794e+03    8.79547e+02   -5.48712e+03   -1.85026e+03
   Coulomb (SR)   Coul. recip.      Potential    Kinetic En.   Total Energy
   -2.60090e+05    9.93932e+02   -2.39333e+05    3.76318e+04   -2.01701e+05
  Conserved En.    Temperature Pres. DC (bar) Pressure (bar)   Constr. rmsd
   -1.69076e+05    3.08851e+02   -7.95993e+01   -3.82374e+02    9.93108e-06

           Step           Time         Lambda
          48500       97.00000        0.00000

   Energies (kJ/mol)
       G96Angle    Proper Dih.  Improper Dih.        LJ (SR)  Disper. corr.
    1.60443e+04    9.92545e+03    7.16415e+02   -4.82385e+03   -1.85026e+03
   Coulomb (SR)   Coul. recip.      Potential    Kinetic En.   Total Energy
   -2.60611e+05    1.03986e+03   -2.39560e+05    3.75427e+04   -2.02017e+05
  Conserved En.    Temperature Pres. DC (bar) Pressure (bar)   Constr. rmsd
   -1.69029e+05    3.08120e+02   -7.95993e+01   -2.40465e+02    9.63004e-06

           Step           Time         Lambda
          49000       98.00000        0.00000

   Energies (kJ/mol)
       G96Angle    Proper Dih.  Improper Dih.        LJ (SR)  Disper. corr.
    1.62235e+04    9.94679e+03    7.77165e+02   -5.26716e+03   -1.85026e+03
   Coulomb (SR)   Coul. recip.      Potential    Kinetic En.   Total Energy
   -2.60240e+05    1.05037e+03   -2.39360e+05    3.73180e+04   -2.02042e+05
  Conserved En.    Temperature Pres. DC (bar) Pressure (bar)   Constr. rmsd
   -1.69109e+05    3.06276e+02   -7.95993e+01   -3.51102e+02    1.00226e-05

           Step           Time         Lambda
          49500       99.00000        0.00000

   Energies (kJ/mol)
       G96Angle    Proper Dih.  Improper Dih.        LJ (SR)  Disper. corr.
    1.59637e+04    9.88508e+03    7.63246e+02   -4.71863e+03   -1.85026e+03
   Coulomb (SR)   Coul. recip.      Potential    Kinetic En.   Total Energy
   -2.60446e+05    1.10058e+03   -2.39302e+05    3.75917e+04   -2.01711e+05
  Conserved En.    Temperature Pres. DC (bar) Pressure (bar)   Constr. rmsd
   -1.69081e+05    3.08522e+02   -7.95993e+01   -8.42492e+01    9.63553e-06

           Step           Time         Lambda
          50000      100.00000        0.00000

Writing checkpoint, step 50000 at Thu Oct 27 21:32:31 2016


   Energies (kJ/mol)
       G96Angle    Proper Dih.  Improper Dih.        LJ (SR)  Disper. corr.
    1.61473e+04    1.01373e+04    7.45330e+02   -5.15576e+03   -1.85026e+03
   Coulomb (SR)   Coul. recip.      Potential    Kinetic En.   Total Energy
   -2.60773e+05    1.09929e+03   -2.39650e+05    3.70275e+04   -2.02622e+05
  Conserved En.    Temperature Pres. DC (bar) Pressure (bar)   Constr. rmsd
   -1.69169e+05    3.03892e+02   -7.95993e+01   -4.32057e+02    9.78779e-06

	<======  ###############  ==>
	<====  A V E R A G E S  ====>
	<==  ###############  ======>

	Statistics over 50001 steps using 501 frames

   Energies (kJ/mol)
       G96Angle    Proper Dih.  Improper Dih.        LJ (SR)  Disper. corr.
    1.63971e+04    1.00812e+04    7.49929e+02   -3.94669e+03   -1.85026e+03
   Coulomb (SR)   Coul. recip.      Potential    Kinetic En.   Total Energy
   -2.58809e+05    1.14097e+03   -2.36237e+05    3.71864e+04   -1.99050e+05
  Conserved En.    Temperature Pres. DC (bar) Pressure (bar)   Constr. rmsd
   -1.69066e+05    3.05196e+02   -7.95993e+01   -2.93007e+02    0.00000e+00

   Total Virial (kJ/mol)
    1.77847e+04   -4.01224e+02   -2.26340e+02
   -4.01229e+02    1.69583e+04   -7.90482e+02
   -2.26420e+02   -7.90712e+02    1.26715e+04

   Pressure (bar)
   -4.17498e+02    2.82994e+01   -2.64684e+00
    2.82998e+01   -3.66387e+02    8.07131e+00
   -2.63998e+00    8.09104e+00   -9.51353e+01

    T-non-Water        T-Water
    3.05157e+02    3.05231e+02


	M E G A - F L O P S   A C C O U N T I N G

 NB=Group-cutoff nonbonded kernels    NxN=N-by-N cluster Verlet kernels
 RF=Reaction-Field  VdW=Van der Waals  QSTab=quadratic-spline table
 W3=SPC/TIP3p  W4=TIP4p (single or pairs)
 V&F=Potential and force  V=Potential only  F=Force only

 Computing:                               M-Number         M-Flops  % Flops
-----------------------------------------------------------------------------
 Pair Search distance check            1733.485296       15601.368     0.0
 NxN Ewald Elec. + LJ [F]            824182.228544    54396027.084    94.2
 NxN Ewald Elec. + LJ [V&F]            8340.972032      892484.007     1.5
 Calc Weights                          2188.843776       78798.376     0.1
 Spread Q Bspline                     46695.333888       93390.668     0.2
 Gather F Bspline                     46695.333888      280172.003     0.5
 3D-FFT                              216713.656680     1733709.253     3.0
 Solve PME                               79.882560        5112.484     0.0
 Shift-X                                 18.254592         109.528     0.0
 Angles                                 390.407808       65588.512     0.1
 Propers                                300.806016       68884.578     0.1
 Impropers                               19.200384        3993.680     0.0
 Virial                                   7.333137         131.996     0.0
 Stop-CM                                  7.325184          73.252     0.0
 Calc-Ekin                              145.949184        3940.628     0.0
 Lincs                                  339.220352       20353.221     0.0
 Lincs-Mat                             4685.081088       18740.324     0.0
 Constraint-V                          1062.442496        8499.540     0.0
 Constraint-Vir                           7.246464         173.915     0.0
 Settle                                 128.007680       41346.481     0.1
-----------------------------------------------------------------------------
 Total                                                57727130.898   100.0
-----------------------------------------------------------------------------


     R E A L   C Y C L E   A N D   T I M E   A C C O U N T I N G

On 1 MPI rank, each using 32 OpenMP threads

 Computing:          Num   Num      Call    Wall time         Giga-Cycles
                     Ranks Threads  Count      (s)         total sum    %
-----------------------------------------------------------------------------
 Neighbor search        1   32       1251       1.176         90.136   0.5
 Launch GPU ops.        1   32      50001       2.423        185.640   1.1
 Force                  1   32      50001       5.806        444.873   2.7
 PME mesh               1   32      50001      23.848       1827.230  11.0
 Wait GPU local         1   32      50001     160.975      12333.743  74.0
 NB X/F buffer ops.     1   32      98751       5.569        426.675   2.6
 Write traj.            1   32        101       0.429         32.836   0.2
 Update                 1   32      50001       5.066        388.125   2.3
 Constraints            1   32      50001       7.685        588.789   3.5
 Rest                                           4.447        340.754   2.0
-----------------------------------------------------------------------------
 Total                                        217.424      16658.800 100.0
-----------------------------------------------------------------------------
 Breakdown of PME mesh computation
-----------------------------------------------------------------------------
 PME spread/gather      1   32     100002      13.721       1051.288   6.3
 PME 3D-FFT             1   32     100002       8.828        676.385   4.1
 PME solve Elec         1   32      50001       0.823         63.082   0.4
-----------------------------------------------------------------------------

 GPU timings
-----------------------------------------------------------------------------
 Computing:                         Count  Wall t (s)      ms/step       %
-----------------------------------------------------------------------------
 Pair list H2D                       1251       0.197        0.158     0.1
 X / q H2D                          50001       2.417        0.048     1.3
 Nonbonded F kernel                 48500     179.855        3.708    93.7
 Nonbonded F+ene k.                   250       1.412        5.650     0.7
 Nonbonded F+prune k.                1000       4.576        4.576     2.4
 Nonbonded F+ene+prune k.             251       1.725        6.871     0.9
 F D2H                              50001       1.719        0.034     0.9
-----------------------------------------------------------------------------
 Total                                        191.902        3.838   100.0
-----------------------------------------------------------------------------

Force evaluation time GPU/CPU: 3.838 ms/0.593 ms = 6.471
For optimal performance this ratio should be close to 1!


NOTE: The GPU has >20% more load than the CPU. This imbalance causes
      performance loss, consider using a shorter cut-off and a finer PME grid.

               Core t (s)   Wall t (s)        (%)
       Time:     6892.786      217.424     3170.2
                 (ns/day)    (hour/ns)
Performance:       39.739        0.604
Finished mdrun on rank 0 Thu Oct 27 21:32:31 2016
